npm error code ERESOLVE
npm error ERESOLVE unable to resolve dependency tree
npm error
npm error While resolving: tests-nextjs-vitest-playwright@0.1.0
npm error Found: react@19.2.4
npm error node_modules/react
npm error   react@"^19.0.0" from the root project
npm error
npm error Could not resolve dependency:
npm error peer react@"^16.8.0 || ^17.0.0 || ^18.0.0" from @storybook/blocks@7.6.21
npm error node_modules/@storybook/blocks
npm error   dev @storybook/blocks@"7.6.21" from the root project
npm error
npm error Fix the upstream dependency conflict, or retry
npm error this command with --force or --legacy-peer-deps
npm error to accept an incorrect (and potentially broken) dependency resolution.
npm error
npm error
npm error For a full report see:
npm error C:\Users\rever\AppData\Local\npm-cache\_logs\2026-01-30T20_27_27_008Z-eresolve-report.txt
npm error A complete log of this run can be found in: C:\Users\rever\AppData\Local\npm-cache\_logs\2026-01-30T20_27_27_008Z-debug-0.log
